Electrostatic potential parameters

Grid information (see 1_default_grid.dat in Angstrom)
    Number of grid points:            923

Quantum electrostatic potential (see 1_default_grid_esp.dat)

Constraints
    Charge constraints
        Total charge of  -0.07667254 on the set   5
        Total charge of   0.16099155 on the set   6
        Total charge of   0.17012174 on the set   7
        Total charge of   0.14784114 on the set   8
    Equality constraints
        Equal charges on atoms
                                  2   3   4

Restraint
    Hyperbolic restraint to a charge of zero
    Hydrogen atoms are not restrained
    resp_a:                           0.0010
    resp_b:                           0.1000

Fit

Electrostatic Potential Charges
   Center  Symbol       ESP      RESP
      1    N      -0.44102573 -0.44029073
      2    N      -0.16680175 -0.16648871
      3    H      -0.16680175 -0.16648871
      4    H      -0.16680175 -0.16648871
      5    H      -0.07667254 -0.07667254
      6    H       0.16099155  0.16099155
      7    C       0.17012174  0.17012174
      8    C       0.14784114  0.14784114
      9    C       0.53914908  0.53747498
Total Charge:      0.00000000  0.00000000
