Electrostatic potential parameters

Grid information (see 1_default_grid.dat in Bohr)
    Number of grid points:            545

Quantum electrostatic potential (see 1_default_grid_esp.dat)

Constraints
    Charge constraints
        Total charge of   0.06968509 on the set   5
        Total charge of   0.44599342 on the set   6
        Total charge of  -0.22813929 on the set   7
        Total charge of   0.78925513 on the set   8
    Equality constraints
        Equal charges on atoms
                                  2   3   4

Restraint
    Hyperbolic restraint to a charge of zero
    Hydrogen atoms are not restrained
    resp_a:                           0.0010
    resp_b:                           0.1000

Fit

Electrostatic Potential Charges
   Center  Symbol       ESP      RESP
      1    O      -0.84556137 -0.84523957
      2    O      -0.07707766 -0.07718493
      3    H      -0.07707766 -0.07718493
      4    H      -0.07707766 -0.07718493
      5    H       0.06968509  0.06968509
      6    H       0.44599342  0.44599342
      7    C      -0.22813929 -0.22813929
      8    C       0.78925513  0.78925513
Total Charge:     -0.00000000 -0.00000000
