Electrostatic potential parameters

Grid information (see 1_default_grid.dat in Bohr)
    Number of grid points:            605

Quantum electrostatic potential (see 1_default_grid_esp.dat)

Constraints
    Charge constraints
        Total charge of   0.23053808 on the set   5
        Total charge of   0.03031718 on the set   6
        Total charge of  -0.83229597 on the set   7
        Total charge of   0.06616556 on the set   8
    Equality constraints
        Equal charges on atoms
                                  2   3   4

Restraint
    Hyperbolic restraint to a charge of zero
    Hydrogen atoms are not restrained
    resp_a:                           0.0010
    resp_b:                           0.1000

Fit

Electrostatic Potential Charges
   Center  Symbol       ESP      RESP
      1    N      -0.33558089 -0.33184326
      2    N       0.31911608  0.31842386
      3    H       0.31911608  0.31842386
      4    H       0.31911608  0.31842386
      5    H       0.23053808  0.23053808
      6    H       0.03031718  0.03031718
      7    C      -0.83229597 -0.83229597
      8    C       0.06616556  0.06616556
      9    C       0.06969616  0.06367410
     10    C      -0.18618836 -0.18182728
Total Charge:     -0.00000000 -0.00000000
