Electrostatic potential parameters
    van der Waals radii (Angstrom):
                                      N   1.500
                                      H   1.200
                                      C   1.500
    VDW scale factors:                1.40  1.60  1.80  2.00
    VDW point density:                1.000
    ESP method:                       hf
    ESP basis set:                    aug-cc-pvdz

Grid information (see 1_default_grid.dat in Bohr)
    Number of grid points:            534

Quantum electrostatic potential (see 1_default_grid_esp.dat)

Constraints

Restraint
    Hyperbolic restraint to a charge of zero
    Hydrogen atoms are not restrained
    resp_a:                           0.0005
    resp_b:                           0.1000

Fit

Electrostatic Potential Charges
   Center  Symbol       ESP      RESP
      1    N      -0.51241923 -0.49332297
      2    N      -0.01963482 -0.01119328
      3    H       0.11270785  0.14041337
      4    H       0.19172582  0.16636359
      5    H       0.16623251  0.16966330
      6    H       0.29778778  0.29446707
      7    C      -0.09928506 -0.12723959
      8    C      -0.35601807 -0.27854833
      9    C       0.21890322  0.13939685
Total Charge:     -0.00000000 -0.00000000
