Electrostatic potential parameters

Grid information (see 1_default_grid.dat in Angstrom)
    Number of grid points:            534

Quantum electrostatic potential (see 1_default_grid_esp.dat)

Constraints
    Charge constraints
        Total charge of   0.80432822 on the set   5
        Total charge of  -0.66146571 on the set   6
        Total charge of   0.45334414 on the set   7
        Total charge of  -0.60026044 on the set   8
    Equality constraints
        Equal charges on atoms
                                  2   3   4

Restraint
    Hyperbolic restraint to a charge of zero
    Hydrogen atoms are not restrained
    resp_a:                           0.0010
    resp_b:                           0.1000

Fit

Electrostatic Potential Charges
   Center  Symbol       ESP      RESP
      1    C      -0.30721285 -0.29096174
      2    H       0.10375555  0.09833851
      3    H       0.10375555  0.09833851
      4    H       0.10375555  0.09833851
      5    C       0.80432822  0.80432822
      6    O      -0.66146571 -0.66146571
      7    H       0.45334414  0.45334414
      8    O      -0.60026044 -0.60026044
Total Charge:      0.00000000  0.00000000
